This file contains any messages produced by compilers while
running configure, to aid debugging if configure makes a mistake.

It was created by gc configure 7.5.0, which was
generated by GNU Autoconf 2.69.  Invocation command line was

  $ ./configure 

## --------- ##
## Platform. ##
## --------- ##

hostname = Giuseppes-MacBook-Pro.local
uname -m = x86_64
uname -r = 12.5.0
uname -s = Darwin
uname -v = Darwin Kernel Version 12.5.0: Sun Sep 29 13:33:47 PDT 2013; root:xnu-2050.48.12~1/RELEASE_X86_64

/usr/bin/uname -p = i386
/bin/uname -X     = unknown

/bin/arch              = unknown
/usr/bin/arch -k       = unknown
/usr/convex/getsysinfo = unknown
/usr/bin/hostinfo      = Mach kernel version:
	 Darwin Kernel Version 12.5.0: Sun Sep 29 13:33:47 PDT 2013; root:xnu-2050.48.12~1/RELEASE_X86_64
Kernel configured for up to 4 processors.
2 processors are physically available.
4 processors are logically available.
Processor type: i486 (Intel 80486)
Processors active: 0 1 2 3
Primary memory available: 4.00 gigabytes
Default processor set: 128 tasks, 799 threads, 4 processors
Load average: 1.02, Mach factor: 2.96
/bin/machine           = unknown
/usr/bin/oslevel       = unknown
/bin/universe          = unknown

PATH: /opt/local/bin
PATH: /opt/local/sbin
PATH: /usr/bin
PATH: /bin
PATH: /usr/sbin
PATH: /sbin
PATH: /usr/local/bin
PATH: /usr/texbin


## ----------- ##
## Core tests. ##
## ----------- ##

configure:2502: checking build system type
configure:2516: result: x86_64-apple-darwin12.5.0
configure:2536: checking host system type
configure:2549: result: x86_64-apple-darwin12.5.0
configure:2569: checking target system type
configure:2582: result: x86_64-apple-darwin12.5.0
configure:2610: checking GC version numbers
configure:2641: result: major=7 minor=5                 micro=0
configure:2661: checking for a BSD-compatible install
configure:2729: result: /usr/bin/install -c
configure:2740: checking whether build environment is sane
configure:2795: result: yes
configure:2946: checking for a thread-safe mkdir -p
configure:2985: result: ./install-sh -c -d
configure:2992: checking for gawk
configure:3022: result: no
configure:2992: checking for mawk
configure:3022: result: no
configure:2992: checking for nawk
configure:3022: result: no
configure:2992: checking for awk
configure:3008: found /usr/bin/awk
configure:3019: result: awk
configure:3030: checking whether make sets $(MAKE)
configure:3052: result: yes
configure:3081: checking whether make supports nested variables
configure:3098: result: yes
configure:3226: checking whether to enable maintainer-specific portions of Makefiles
configure:3235: result: no
configure:3264: checking for style of include used by make
configure:3292: result: GNU
configure:3363: checking for gcc
configure:3379: found /usr/bin/gcc
configure:3390: result: gcc
configure:3619: checking for C compiler version
configure:3628: gcc --version >&5
i686-apple-darwin11-llvm-gcc-4.2 (GCC) 4.2.1 (Based on Apple Inc. build 5658) (LLVM build 2336.11.00)
Copyright (C) 2007 Free Software Foundation, Inc.
This is free software; see the source for copying conditions.  There is NO
warranty; not even for MERCHANTABILITY or FITNESS FOR A PARTICULAR PURPOSE.

configure:3639: $? = 0
configure:3628: gcc -v >&5
Using built-in specs.
Target: i686-apple-darwin11
Configured with: /private/var/tmp/llvmgcc42/llvmgcc42-2336.11~182/src/configure --disable-checking --enable-werror --prefix=/Applications/Xcode.app/Contents/Developer/usr/llvm-gcc-4.2 --mandir=/share/man --enable-languages=c,objc,c++,obj-c++ --program-prefix=llvm- --program-transform-name=/^[cg][^.-]*$/s/$/-4.2/ --with-slibdir=/usr/lib --build=i686-apple-darwin11 --enable-llvm=/private/var/tmp/llvmgcc42/llvmgcc42-2336.11~182/dst-llvmCore/Developer/usr/local --program-prefix=i686-apple-darwin11- --host=x86_64-apple-darwin11 --target=i686-apple-darwin11 --with-gxx-include-dir=/usr/include/c++/4.2.1
Thread model: posix
gcc version 4.2.1 (Based on Apple Inc. build 5658) (LLVM build 2336.11.00)
configure:3639: $? = 0
configure:3628: gcc -V >&5
llvm-gcc-4.2: argument to `-V' is missing
configure:3639: $? = 1
configure:3628: gcc -qversion >&5
i686-apple-darwin11-llvm-gcc-4.2: no input files
configure:3639: $? = 1
configure:3659: checking whether the C compiler works
configure:3681: gcc    conftest.c  >&5
configure:3685: $? = 0
configure:3733: result: yes
configure:3736: checking for C compiler default output file name
configure:3738: result: a.out
configure:3744: checking for suffix of executables
configure:3751: gcc -o conftest    conftest.c  >&5
configure:3755: $? = 0
configure:3777: result: 
configure:3799: checking whether we are cross compiling
configure:3807: gcc -o conftest    conftest.c  >&5
configure:3811: $? = 0
configure:3818: ./conftest
configure:3822: $? = 0
configure:3837: result: no
configure:3842: checking for suffix of object files
configure:3864: gcc -c   conftest.c >&5
configure:3868: $? = 0
configure:3889: result: o
configure:3893: checking whether we are using the GNU C compiler
configure:3912: gcc -c   conftest.c >&5
configure:3912: $? = 0
configure:3921: result: yes
configure:3930: checking whether gcc accepts -g
configure:3950: gcc -c -g  conftest.c >&5
configure:3950: $? = 0
configure:3991: result: yes
configure:4008: checking for gcc option to accept ISO C89
configure:4071: gcc  -c -g -O2  conftest.c >&5
configure:4071: $? = 0
configure:4084: result: none needed
configure:4109: checking whether gcc understands -c and -o together
configure:4131: gcc -c conftest.c -o conftest2.o
configure:4134: $? = 0
configure:4131: gcc -c conftest.c -o conftest2.o
configure:4134: $? = 0
configure:4146: result: yes
configure:4165: checking dependency style of gcc
configure:4276: result: gcc3
configure:4350: checking for g++
configure:4366: found /usr/bin/g++
configure:4377: result: g++
configure:4404: checking for C++ compiler version
configure:4413: g++ --version >&5
i686-apple-darwin11-llvm-g++-4.2 (GCC) 4.2.1 (Based on Apple Inc. build 5658) (LLVM build 2336.11.00)
Copyright (C) 2007 Free Software Foundation, Inc.
This is free software; see the source for copying conditions.  There is NO
warranty; not even for MERCHANTABILITY or FITNESS FOR A PARTICULAR PURPOSE.

configure:4424: $? = 0
configure:4413: g++ -v >&5
Using built-in specs.
Target: i686-apple-darwin11
Configured with: /private/var/tmp/llvmgcc42/llvmgcc42-2336.11~182/src/configure --disable-checking --enable-werror --prefix=/Applications/Xcode.app/Contents/Developer/usr/llvm-gcc-4.2 --mandir=/share/man --enable-languages=c,objc,c++,obj-c++ --program-prefix=llvm- --program-transform-name=/^[cg][^.-]*$/s/$/-4.2/ --with-slibdir=/usr/lib --build=i686-apple-darwin11 --enable-llvm=/private/var/tmp/llvmgcc42/llvmgcc42-2336.11~182/dst-llvmCore/Developer/usr/local --program-prefix=i686-apple-darwin11- --host=x86_64-apple-darwin11 --target=i686-apple-darwin11 --with-gxx-include-dir=/usr/include/c++/4.2.1
Thread model: posix
gcc version 4.2.1 (Based on Apple Inc. build 5658) (LLVM build 2336.11.00)
configure:4424: $? = 0
configure:4413: g++ -V >&5
llvm-g++-4.2: argument to `-V' is missing
configure:4424: $? = 1
configure:4413: g++ -qversion >&5
i686-apple-darwin11-llvm-g++-4.2: no input files
configure:4424: $? = 1
configure:4428: checking whether we are using the GNU C++ compiler
configure:4447: g++ -c   conftest.cpp >&5
configure:4447: $? = 0
configure:4456: result: yes
configure:4465: checking whether g++ accepts -g
configure:4485: g++ -c -g  conftest.cpp >&5
configure:4485: $? = 0
configure:4526: result: yes
configure:4551: checking dependency style of g++
configure:4662: result: gcc3
configure:4686: checking dependency style of gcc
configure:4795: result: gcc3
configure:4813: WARNING: Libtool does not cope well with whitespace in `pwd`
configure:4857: checking how to print strings
configure:4884: result: printf
configure:4905: checking for a sed that does not truncate output
configure:4969: result: /usr/bin/sed
configure:4987: checking for grep that handles long lines and -e
configure:5045: result: /usr/bin/grep
configure:5050: checking for egrep
configure:5112: result: /usr/bin/grep -E
configure:5117: checking for fgrep
configure:5179: result: /usr/bin/grep -F
configure:5214: checking for ld used by gcc
configure:5281: result: /usr/llvm-gcc-4.2/libexec/gcc/i686-apple-darwin11/4.2.1/ld
configure:5288: checking if the linker (/usr/llvm-gcc-4.2/libexec/gcc/i686-apple-darwin11/4.2.1/ld) is GNU ld
configure:5303: result: no
configure:5315: checking for BSD- or MS-compatible name lister (nm)
configure:5364: result: /usr/bin/nm
configure:5494: checking the name lister (/usr/bin/nm) interface
configure:5501: gcc -c -g -O2  conftest.c >&5
configure:5504: /usr/bin/nm "conftest.o"
configure:5507: output
0000000000000214 S _some_variable
configure:5514: result: BSD nm
configure:5517: checking whether ln -s works
configure:5521: result: yes
configure:5529: checking the maximum length of command line arguments
configure:5659: result: 196608
configure:5676: checking whether the shell understands some XSI constructs
configure:5686: result: yes
configure:5690: checking whether the shell understands "+="
configure:5696: result: yes
configure:5731: checking how to convert x86_64-apple-darwin12.5.0 file names to x86_64-apple-darwin12.5.0 format
configure:5771: result: func_convert_file_noop
configure:5778: checking how to convert x86_64-apple-darwin12.5.0 file names to toolchain format
configure:5798: result: func_convert_file_noop
configure:5805: checking for /usr/llvm-gcc-4.2/libexec/gcc/i686-apple-darwin11/4.2.1/ld option to reload object files
configure:5812: result: -r
configure:5886: checking for objdump
configure:5916: result: no
configure:5945: checking how to recognize dependent libraries
configure:6147: result: pass_all
configure:6232: checking for dlltool
configure:6262: result: no
configure:6292: checking how to associate runtime and link libraries
configure:6319: result: printf %s\n
configure:6380: checking for ar
configure:6396: found /usr/bin/ar
configure:6407: result: ar
configure:6444: checking for archiver @FILE support
configure:6461: gcc -c -g -O2  conftest.c >&5
configure:6461: $? = 0
configure:6464: ar cru libconftest.a @conftest.lst >&5
ar: @conftest.lst: No such file or directory
configure:6467: $? = 1
configure:6487: result: no
configure:6545: checking for strip
configure:6561: found /usr/bin/strip
configure:6572: result: strip
configure:6644: checking for ranlib
configure:6660: found /usr/bin/ranlib
configure:6671: result: ranlib
configure:6773: checking command to parse /usr/bin/nm output from gcc object
configure:6893: gcc -c -g -O2  conftest.c >&5
configure:6896: $? = 0
configure:6900: /usr/bin/nm conftest.o \| sed -n -e 's/^.*[ ]\([BCDEGRST][BCDEGRST]*\)[ ][ ]*\([_A-Za-z][_A-Za-z0-9]*\)$/\1 \2 \2/p' | sed '/ __gnu_lto/d' \> conftest.nm
configure:6903: $? = 0
cannot find nm_test_var in conftest.nm
configure:6893: gcc -c -g -O2  conftest.c >&5
configure:6896: $? = 0
configure:6900: /usr/bin/nm conftest.o \| sed -n -e 's/^.*[ ]\([BCDEGRST][BCDEGRST]*\)[ ][ ]*_\([_A-Za-z][_A-Za-z0-9]*\)$/\1 _\2 \2/p' | sed '/ __gnu_lto/d' \> conftest.nm
configure:6903: $? = 0
configure:6969: gcc -o conftest -g -O2   conftest.c conftstm.o >&5
configure:6972: $? = 0
configure:7010: result: ok
configure:7047: checking for sysroot
configure:7077: result: no
configure:7333: checking for mt
configure:7363: result: no
configure:7383: checking if : is a manifest tool
configure:7389: : '-?'
configure:7397: result: no
configure:7453: checking for dsymutil
configure:7469: found /usr/bin/dsymutil
configure:7480: result: dsymutil
configure:7545: checking for nmedit
configure:7561: found /usr/bin/nmedit
configure:7572: result: nmedit
configure:7637: checking for lipo
configure:7653: found /usr/bin/lipo
configure:7664: result: lipo
configure:7729: checking for otool
configure:7745: found /usr/bin/otool
configure:7756: result: otool
configure:7821: checking for otool64
configure:7851: result: no
configure:7896: checking for -single_module linker flag
gcc -g -O2  -o libconftest.dylib -dynamiclib -Wl,-single_module conftest.c
configure:7929: result: yes
configure:7932: checking for -exported_symbols_list linker flag
configure:7952: gcc -o conftest -g -O2   -Wl,-exported_symbols_list,conftest.sym conftest.c  >&5
configure:7952: $? = 0
configure:7962: result: yes
configure:7965: checking for -force_load linker flag
gcc -g -O2 -c -o conftest.o conftest.c
ar cru libconftest.a conftest.o
ranlib libconftest.a
gcc -g -O2  -o conftest conftest.c -Wl,-force_load,./libconftest.a
configure:7997: result: yes
configure:8039: checking how to run the C preprocessor
configure:8070: gcc -E  conftest.c
configure:8070: $? = 0
configure:8084: gcc -E  conftest.c
conftest.c:14:28: error: ac_nonexistent.h: No such file or directory
configure:8084: $? = 1
configure: failed program was:
| /* confdefs.h */
| #define PACKAGE_NAME "gc"
| #define PACKAGE_TARNAME "gc"
| #define PACKAGE_VERSION "7.5.0"
| #define PACKAGE_STRING "gc 7.5.0"
| #define PACKAGE_BUGREPORT "gc@linux.hpl.hp.com"
| #define PACKAGE_URL ""
| #define GC_VERSION_MAJOR 7
| #define GC_VERSION_MINOR 5
| #define GC_VERSION_MICRO 0
| #define PACKAGE "gc"
| #define VERSION "7.5.0"
| /* end confdefs.h.  */
| #include <ac_nonexistent.h>
configure:8109: result: gcc -E
configure:8129: gcc -E  conftest.c
configure:8129: $? = 0
configure:8143: gcc -E  conftest.c
conftest.c:14:28: error: ac_nonexistent.h: No such file or directory
configure:8143: $? = 1
configure: failed program was:
| /* confdefs.h */
| #define PACKAGE_NAME "gc"
| #define PACKAGE_TARNAME "gc"
| #define PACKAGE_VERSION "7.5.0"
| #define PACKAGE_STRING "gc 7.5.0"
| #define PACKAGE_BUGREPORT "gc@linux.hpl.hp.com"
| #define PACKAGE_URL ""
| #define GC_VERSION_MAJOR 7
| #define GC_VERSION_MINOR 5
| #define GC_VERSION_MICRO 0
| #define PACKAGE "gc"
| #define VERSION "7.5.0"
| /* end confdefs.h.  */
| #include <ac_nonexistent.h>
configure:8172: checking for ANSI C header files
configure:8192: gcc -c -g -O2  conftest.c >&5
configure:8192: $? = 0
configure:8265: gcc -o conftest -g -O2   conftest.c  >&5
configure:8265: $? = 0
configure:8265: ./conftest
configure:8265: $? = 0
configure:8276: result: yes
configure:8289: checking for sys/types.h
configure:8289: gcc -c -g -O2  conftest.c >&5
configure:8289: $? = 0
configure:8289: result: yes
configure:8289: checking for sys/stat.h
configure:8289: gcc -c -g -O2  conftest.c >&5
configure:8289: $? = 0
configure:8289: result: yes
configure:8289: checking for stdlib.h
configure:8289: gcc -c -g -O2  conftest.c >&5
configure:8289: $? = 0
configure:8289: result: yes
configure:8289: checking for string.h
configure:8289: gcc -c -g -O2  conftest.c >&5
configure:8289: $? = 0
configure:8289: result: yes
configure:8289: checking for memory.h
configure:8289: gcc -c -g -O2  conftest.c >&5
configure:8289: $? = 0
configure:8289: result: yes
configure:8289: checking for strings.h
configure:8289: gcc -c -g -O2  conftest.c >&5
configure:8289: $? = 0
configure:8289: result: yes
configure:8289: checking for inttypes.h
configure:8289: gcc -c -g -O2  conftest.c >&5
configure:8289: $? = 0
configure:8289: result: yes
configure:8289: checking for stdint.h
configure:8289: gcc -c -g -O2  conftest.c >&5
configure:8289: $? = 0
configure:8289: result: yes
configure:8289: checking for unistd.h
configure:8289: gcc -c -g -O2  conftest.c >&5
configure:8289: $? = 0
configure:8289: result: yes
configure:8303: checking for dlfcn.h
configure:8303: gcc -c -g -O2  conftest.c >&5
configure:8303: $? = 0
configure:8303: result: yes
configure:8520: checking for objdir
configure:8535: result: .libs
configure:8806: checking if gcc supports -fno-rtti -fno-exceptions
configure:8824: gcc -c -g -O2  -fno-rtti -fno-exceptions conftest.c >&5
cc1: warning: command line option "-fno-rtti" is valid for C++/ObjC++ but not for C
configure:8828: $? = 0
configure:8841: result: no
configure:9168: checking for gcc option to produce PIC
configure:9175: result: -fno-common -DPIC
configure:9183: checking if gcc PIC flag -fno-common -DPIC works
configure:9201: gcc -c -g -O2  -fno-common -DPIC -DPIC conftest.c >&5
configure:9205: $? = 0
configure:9218: result: yes
configure:9247: checking if gcc static flag -static works
configure:9275: result: no
configure:9290: checking if gcc supports -c -o file.o
configure:9311: gcc -c -g -O2  -o out/conftest2.o conftest.c >&5
configure:9315: $? = 0
configure:9337: result: yes
configure:9345: checking if gcc supports -c -o file.o
configure:9392: result: yes
configure:9425: checking whether the gcc linker (/usr/llvm-gcc-4.2/libexec/gcc/i686-apple-darwin11/4.2.1/ld) supports shared libraries
configure:10578: result: yes
configure:10818: checking dynamic linker characteristics
configure:11551: result: darwin12.5.0 dyld
configure:11658: checking how to hardcode library paths into programs
configure:11683: result: immediate
configure:12223: checking whether stripping libraries is possible
configure:12237: result: yes
configure:12263: checking if libtool supports shared libraries
configure:12265: result: yes
configure:12268: checking whether to build shared libraries
configure:12289: result: yes
configure:12292: checking whether to build static libraries
configure:12296: result: yes
configure:12319: checking how to run the C++ preprocessor
configure:12346: g++ -E  conftest.cpp
configure:12346: $? = 0
configure:12360: g++ -E  conftest.cpp
conftest.cpp:26:28: error: ac_nonexistent.h: No such file or directory
configure:12360: $? = 1
configure: failed program was:
| /* confdefs.h */
| #define PACKAGE_NAME "gc"
| #define PACKAGE_TARNAME "gc"
| #define PACKAGE_VERSION "7.5.0"
| #define PACKAGE_STRING "gc 7.5.0"
| #define PACKAGE_BUGREPORT "gc@linux.hpl.hp.com"
| #define PACKAGE_URL ""
| #define GC_VERSION_MAJOR 7
| #define GC_VERSION_MINOR 5
| #define GC_VERSION_MICRO 0
| #define PACKAGE "gc"
| #define VERSION "7.5.0"
| #define STDC_HEADERS 1
| #define HAVE_SYS_TYPES_H 1
| #define HAVE_SYS_STAT_H 1
| #define HAVE_STDLIB_H 1
| #define HAVE_STRING_H 1
| #define HAVE_MEMORY_H 1
| #define HAVE_STRINGS_H 1
| #define HAVE_INTTYPES_H 1
| #define HAVE_STDINT_H 1
| #define HAVE_UNISTD_H 1
| #define HAVE_DLFCN_H 1
| #define LT_OBJDIR ".libs/"
| /* end confdefs.h.  */
| #include <ac_nonexistent.h>
configure:12385: result: g++ -E
configure:12405: g++ -E  conftest.cpp
configure:12405: $? = 0
configure:12419: g++ -E  conftest.cpp
conftest.cpp:26:28: error: ac_nonexistent.h: No such file or directory
configure:12419: $? = 1
configure: failed program was:
| /* confdefs.h */
| #define PACKAGE_NAME "gc"
| #define PACKAGE_TARNAME "gc"
| #define PACKAGE_VERSION "7.5.0"
| #define PACKAGE_STRING "gc 7.5.0"
| #define PACKAGE_BUGREPORT "gc@linux.hpl.hp.com"
| #define PACKAGE_URL ""
| #define GC_VERSION_MAJOR 7
| #define GC_VERSION_MINOR 5
| #define GC_VERSION_MICRO 0
| #define PACKAGE "gc"
| #define VERSION "7.5.0"
| #define STDC_HEADERS 1
| #define HAVE_SYS_TYPES_H 1
| #define HAVE_SYS_STAT_H 1
| #define HAVE_STDLIB_H 1
| #define HAVE_STRING_H 1
| #define HAVE_MEMORY_H 1
| #define HAVE_STRINGS_H 1
| #define HAVE_INTTYPES_H 1
| #define HAVE_STDINT_H 1
| #define HAVE_UNISTD_H 1
| #define HAVE_DLFCN_H 1
| #define LT_OBJDIR ".libs/"
| /* end confdefs.h.  */
| #include <ac_nonexistent.h>
configure:12588: checking for ld used by g++
configure:12655: result: /usr/llvm-gcc-4.2/libexec/gcc/i686-apple-darwin11/4.2.1/ld
configure:12662: checking if the linker (/usr/llvm-gcc-4.2/libexec/gcc/i686-apple-darwin11/4.2.1/ld) is GNU ld
configure:12677: result: no
configure:12732: checking whether the g++ linker (/usr/llvm-gcc-4.2/libexec/gcc/i686-apple-darwin11/4.2.1/ld) supports shared libraries
configure:13737: result: yes
configure:13773: g++ -c -g -O2  conftest.cpp >&5
configure:13776: $? = 0
configure:14296: checking for g++ option to produce PIC
configure:14303: result: -fno-common -DPIC
configure:14311: checking if g++ PIC flag -fno-common -DPIC works
configure:14329: g++ -c -g -O2  -fno-common -DPIC -DPIC conftest.cpp >&5
configure:14333: $? = 0
configure:14346: result: yes
configure:14369: checking if g++ static flag -static works
configure:14397: result: no
configure:14409: checking if g++ supports -c -o file.o
configure:14430: g++ -c -g -O2  -o out/conftest2.o conftest.cpp >&5
configure:14434: $? = 0
configure:14456: result: yes
configure:14461: checking if g++ supports -c -o file.o
configure:14508: result: yes
configure:14538: checking whether the g++ linker (/usr/llvm-gcc-4.2/libexec/gcc/i686-apple-darwin11/4.2.1/ld) supports shared libraries
configure:14574: result: yes
configure:14715: checking dynamic linker characteristics
configure:15382: result: darwin12.5.0 dyld
configure:15435: checking how to hardcode library paths into programs
configure:15460: result: immediate
configure:15584: checking for thread model used by GCC
configure:15598: result: posix
configure:15650: checking for inline
configure:15666: gcc -c -g -O2  conftest.c >&5
configure:15666: $? = 0
configure:15674: result: inline
configure:15702: checking for pthread_self in -lpthread
configure:15727: gcc -o conftest -g -O2   conftest.c -lpthread   >&5
configure:15727: $? = 0
configure:15736: result: yes
configure:15898: WARNING: "Explicit GC_INIT() calls may be required."
configure:16057: checking for gcc -Wextra
configure:16072: gcc -c -Wextra -g -O2  conftest.c >&5
configure:16072: $? = 0
configure:16079: result: yes
configure:16089: checking for xlc
configure:16106: gcc -c -Wall -Wextra -g -O2  conftest.c >&5
conftest.c:35:4: error: #error 
configure:16106: $? = 1
configure: failed program was:
| /* confdefs.h */
| #define PACKAGE_NAME "gc"
| #define PACKAGE_TARNAME "gc"
| #define PACKAGE_VERSION "7.5.0"
| #define PACKAGE_STRING "gc 7.5.0"
| #define PACKAGE_BUGREPORT "gc@linux.hpl.hp.com"
| #define PACKAGE_URL ""
| #define GC_VERSION_MAJOR 7
| #define GC_VERSION_MINOR 5
| #define GC_VERSION_MICRO 0
| #define PACKAGE "gc"
| #define VERSION "7.5.0"
| #define STDC_HEADERS 1
| #define HAVE_SYS_TYPES_H 1
| #define HAVE_SYS_STAT_H 1
| #define HAVE_STDLIB_H 1
| #define HAVE_STRING_H 1
| #define HAVE_MEMORY_H 1
| #define HAVE_STRINGS_H 1
| #define HAVE_INTTYPES_H 1
| #define HAVE_STDINT_H 1
| #define HAVE_UNISTD_H 1
| #define HAVE_DLFCN_H 1
| #define LT_OBJDIR ".libs/"
| #define GC_DARWIN_THREADS 1
| #define PARALLEL_MARK 1
| #define THREAD_LOCAL_ALLOC 1
| /* end confdefs.h.  */
| 
| int
| main ()
| {
| 
|  #ifndef __xlC__
|  # error
|  #endif
| 
|   ;
|   return 0;
| }
configure:16112: result: no
configure:16131: checking whether gcc supports -fno-strict-aliasing
configure:16157: gcc -c -Wall -Wextra -g -O2 -fno-strict-aliasing  conftest.c >&5
configure:16157: $? = 0
configure:16166: result: yes
configure:16312: checking whether to build shared libraries
configure:16351: result: yes
configure:16394: checking which machine-dependent code should be used
configure:16431: result: 
configure:16463: checking whether Solaris gcc optimization fix is necessary
configure:16486: result: no
configure:16615: checking for dladdr
configure:16634: gcc -c -Wall -Wextra -g -O2 -fno-strict-aliasing  conftest.c >&5
configure:16634: $? = 0
configure:16638: result: yes
configure:16648: checking sys/dg_sys_info.h usability
configure:16648: gcc -c -Wall -Wextra -g -O2 -fno-strict-aliasing  conftest.c >&5
conftest.c:66:29: error: sys/dg_sys_info.h: No such file or directory
configure:16648: $? = 1
configure: failed program was:
| /* confdefs.h */
| #define PACKAGE_NAME "gc"
| #define PACKAGE_TARNAME "gc"
| #define PACKAGE_VERSION "7.5.0"
| #define PACKAGE_STRING "gc 7.5.0"
| #define PACKAGE_BUGREPORT "gc@linux.hpl.hp.com"
| #define PACKAGE_URL ""
| #define GC_VERSION_MAJOR 7
| #define GC_VERSION_MINOR 5
| #define GC_VERSION_MICRO 0
| #define PACKAGE "gc"
| #define VERSION "7.5.0"
| #define STDC_HEADERS 1
| #define HAVE_SYS_TYPES_H 1
| #define HAVE_SYS_STAT_H 1
| #define HAVE_STDLIB_H 1
| #define HAVE_STRING_H 1
| #define HAVE_MEMORY_H 1
| #define HAVE_STRINGS_H 1
| #define HAVE_INTTYPES_H 1
| #define HAVE_STDINT_H 1
| #define HAVE_UNISTD_H 1
| #define HAVE_DLFCN_H 1
| #define LT_OBJDIR ".libs/"
| #define GC_DARWIN_THREADS 1
| #define PARALLEL_MARK 1
| #define THREAD_LOCAL_ALLOC 1
| #define NO_EXECUTE_PERMISSION 1
| #define ALL_INTERIOR_POINTERS 1
| #define GC_GCJ_SUPPORT 1
| #define HAVE_DLADDR 1
| /* end confdefs.h.  */
| #include <stdio.h>
| #ifdef HAVE_SYS_TYPES_H
| # include <sys/types.h>
| #endif
| #ifdef HAVE_SYS_STAT_H
| # include <sys/stat.h>
| #endif
| #ifdef STDC_HEADERS
| # include <stdlib.h>
| # include <stddef.h>
| #else
| # ifdef HAVE_STDLIB_H
| #  include <stdlib.h>
| # endif
| #endif
| #ifdef HAVE_STRING_H
| # if !defined STDC_HEADERS && defined HAVE_MEMORY_H
| #  include <memory.h>
| # endif
| # include <string.h>
| #endif
| #ifdef HAVE_STRINGS_H
| # include <strings.h>
| #endif
| #ifdef HAVE_INTTYPES_H
| # include <inttypes.h>
| #endif
| #ifdef HAVE_STDINT_H
| # include <stdint.h>
| #endif
| #ifdef HAVE_UNISTD_H
| # include <unistd.h>
| #endif
| #include <sys/dg_sys_info.h>
configure:16648: result: no
configure:16648: checking sys/dg_sys_info.h presence
configure:16648: gcc -E  conftest.c
conftest.c:33:29: error: sys/dg_sys_info.h: No such file or directory
configure:16648: $? = 1
configure: failed program was:
| /* confdefs.h */
| #define PACKAGE_NAME "gc"
| #define PACKAGE_TARNAME "gc"
| #define PACKAGE_VERSION "7.5.0"
| #define PACKAGE_STRING "gc 7.5.0"
| #define PACKAGE_BUGREPORT "gc@linux.hpl.hp.com"
| #define PACKAGE_URL ""
| #define GC_VERSION_MAJOR 7
| #define GC_VERSION_MINOR 5
| #define GC_VERSION_MICRO 0
| #define PACKAGE "gc"
| #define VERSION "7.5.0"
| #define STDC_HEADERS 1
| #define HAVE_SYS_TYPES_H 1
| #define HAVE_SYS_STAT_H 1
| #define HAVE_STDLIB_H 1
| #define HAVE_STRING_H 1
| #define HAVE_MEMORY_H 1
| #define HAVE_STRINGS_H 1
| #define HAVE_INTTYPES_H 1
| #define HAVE_STDINT_H 1
| #define HAVE_UNISTD_H 1
| #define HAVE_DLFCN_H 1
| #define LT_OBJDIR ".libs/"
| #define GC_DARWIN_THREADS 1
| #define PARALLEL_MARK 1
| #define THREAD_LOCAL_ALLOC 1
| #define NO_EXECUTE_PERMISSION 1
| #define ALL_INTERIOR_POINTERS 1
| #define GC_GCJ_SUPPORT 1
| #define HAVE_DLADDR 1
| /* end confdefs.h.  */
| #include <sys/dg_sys_info.h>
configure:16648: result: no
configure:16648: checking for sys/dg_sys_info.h
configure:16648: result: no
configure:16923: checking for pkg-config
configure:16941: found /opt/local/bin/pkg-config
configure:16953: result: /opt/local/bin/pkg-config
configure:16978: checking pkg-config is at least version 0.9.0
configure:16981: result: yes
configure:16992: checking for ATOMIC_OPS
configure:16999: $PKG_CONFIG --exists --print-errors "atomic_ops"
Package atomic_ops was not found in the pkg-config search path.
Perhaps you should add the directory containing `atomic_ops.pc'
to the PKG_CONFIG_PATH environment variable
No package 'atomic_ops' found
configure:17002: $? = 1
configure:17016: $PKG_CONFIG --exists --print-errors "atomic_ops"
Package atomic_ops was not found in the pkg-config search path.
Perhaps you should add the directory containing `atomic_ops.pc'
to the PKG_CONFIG_PATH environment variable
No package 'atomic_ops' found
configure:17019: $? = 1
configure:17033: result: no
No package 'atomic_ops' found
configure:17078: checking which libatomic_ops to use
configure:17086: result: internal
configure:17228: checking that generated files are newer than configure
configure:17234: result: done
configure:17325: creating ./config.status

## ---------------------- ##
## Running config.status. ##
## ---------------------- ##

This file was extended by gc config.status 7.5.0, which was
generated by GNU Autoconf 2.69.  Invocation command line was

  CONFIG_FILES    = 
  CONFIG_HEADERS  = 
  CONFIG_LINKS    = 
  CONFIG_COMMANDS = 
  $ ./config.status 

on Giuseppes-MacBook-Pro.local

config.status:1218: creating Makefile
config.status:1218: creating bdw-gc.pc
config.status:1218: creating include/config.h
config.status:1447: executing depfiles commands
config.status:1447: executing libtool commands
config.status:1447: executing default commands
configure:19887: === configuring in libatomic_ops (/Users/giuseppemendola/Desktop/Courses/Semester_7/Atelier 5/Compilers/ProjectPartfunf/runtime/bdwgc/libatomic_ops)
configure:19950: running /bin/sh ./configure --disable-option-checking '--prefix=/usr/local'  --cache-file=/dev/null --srcdir=.

## ---------------- ##
## Cache variables. ##
## ---------------- ##

ac_cv_build=x86_64-apple-darwin12.5.0
ac_cv_c_compiler_gnu=yes
ac_cv_c_inline=inline
ac_cv_cc_wextra=yes
ac_cv_cxx_compiler_gnu=yes
ac_cv_env_ATOMIC_OPS_CFLAGS_set=
ac_cv_env_ATOMIC_OPS_CFLAGS_value=
ac_cv_env_ATOMIC_OPS_LIBS_set=
ac_cv_env_ATOMIC_OPS_LIBS_value=
ac_cv_env_CCASFLAGS_set=
ac_cv_env_CCASFLAGS_value=
ac_cv_env_CCAS_set=
ac_cv_env_CCAS_value=
ac_cv_env_CCC_set=
ac_cv_env_CCC_value=
ac_cv_env_CC_set=
ac_cv_env_CC_value=
ac_cv_env_CFLAGS_set=
ac_cv_env_CFLAGS_value=
ac_cv_env_CPPFLAGS_set=
ac_cv_env_CPPFLAGS_value=
ac_cv_env_CPP_set=
ac_cv_env_CPP_value=
ac_cv_env_CXXCPP_set=
ac_cv_env_CXXCPP_value=
ac_cv_env_CXXFLAGS_set=
ac_cv_env_CXXFLAGS_value=
ac_cv_env_CXX_set=
ac_cv_env_CXX_value=
ac_cv_env_LDFLAGS_set=
ac_cv_env_LDFLAGS_value=
ac_cv_env_LIBS_set=
ac_cv_env_LIBS_value=
ac_cv_env_PKG_CONFIG_LIBDIR_set=
ac_cv_env_PKG_CONFIG_LIBDIR_value=
ac_cv_env_PKG_CONFIG_PATH_set=
ac_cv_env_PKG_CONFIG_PATH_value=
ac_cv_env_PKG_CONFIG_set=
ac_cv_env_PKG_CONFIG_value=
ac_cv_env_build_alias_set=
ac_cv_env_build_alias_value=
ac_cv_env_host_alias_set=
ac_cv_env_host_alias_value=
ac_cv_env_target_alias_set=
ac_cv_env_target_alias_value=
ac_cv_fno_strict_aliasing=yes
ac_cv_header_dlfcn_h=yes
ac_cv_header_inttypes_h=yes
ac_cv_header_memory_h=yes
ac_cv_header_stdc=yes
ac_cv_header_stdint_h=yes
ac_cv_header_stdlib_h=yes
ac_cv_header_string_h=yes
ac_cv_header_strings_h=yes
ac_cv_header_sys_dg_sys_info_h=no
ac_cv_header_sys_stat_h=yes
ac_cv_header_sys_types_h=yes
ac_cv_header_unistd_h=yes
ac_cv_host=x86_64-apple-darwin12.5.0
ac_cv_lib_pthread_pthread_self=yes
ac_cv_objext=o
ac_cv_path_EGREP='/usr/bin/grep -E'
ac_cv_path_FGREP='/usr/bin/grep -F'
ac_cv_path_GREP=/usr/bin/grep
ac_cv_path_SED=/usr/bin/sed
ac_cv_path_ac_pt_PKG_CONFIG=/opt/local/bin/pkg-config
ac_cv_path_install='/usr/bin/install -c'
ac_cv_prog_AWK=awk
ac_cv_prog_CPP='gcc -E'
ac_cv_prog_CXXCPP='g++ -E'
ac_cv_prog_ac_ct_AR=ar
ac_cv_prog_ac_ct_CC=gcc
ac_cv_prog_ac_ct_CXX=g++
ac_cv_prog_ac_ct_DSYMUTIL=dsymutil
ac_cv_prog_ac_ct_LIPO=lipo
ac_cv_prog_ac_ct_NMEDIT=nmedit
ac_cv_prog_ac_ct_OTOOL=otool
ac_cv_prog_ac_ct_RANLIB=ranlib
ac_cv_prog_ac_ct_STRIP=strip
ac_cv_prog_cc_c89=
ac_cv_prog_cc_g=yes
ac_cv_prog_cxx_g=yes
ac_cv_prog_make_make_set=yes
ac_cv_target=x86_64-apple-darwin12.5.0
am_cv_CCAS_dependencies_compiler_type=gcc3
am_cv_CC_dependencies_compiler_type=gcc3
am_cv_CXX_dependencies_compiler_type=gcc3
am_cv_make_support_nested_variables=yes
am_cv_prog_cc_c_o=yes
lt_cv_apple_cc_single_mod=yes
lt_cv_ar_at_file=no
lt_cv_deplibs_check_method=pass_all
lt_cv_file_magic_cmd='$MAGIC_CMD'
lt_cv_file_magic_test_file=
lt_cv_ld_exported_symbols_list=yes
lt_cv_ld_force_load=yes
lt_cv_ld_reload_flag=-r
lt_cv_nm_interface='BSD nm'
lt_cv_objdir=.libs
lt_cv_path_LD=/usr/llvm-gcc-4.2/libexec/gcc/i686-apple-darwin11/4.2.1/ld
lt_cv_path_LDCXX=/usr/llvm-gcc-4.2/libexec/gcc/i686-apple-darwin11/4.2.1/ld
lt_cv_path_NM=/usr/bin/nm
lt_cv_path_mainfest_tool=no
lt_cv_prog_compiler_c_o=yes
lt_cv_prog_compiler_c_o_CXX=yes
lt_cv_prog_compiler_pic='-fno-common -DPIC'
lt_cv_prog_compiler_pic_CXX='-fno-common -DPIC'
lt_cv_prog_compiler_pic_works=yes
lt_cv_prog_compiler_pic_works_CXX=yes
lt_cv_prog_compiler_rtti_exceptions=no
lt_cv_prog_compiler_static_works=no
lt_cv_prog_compiler_static_works_CXX=no
lt_cv_prog_gnu_ld=no
lt_cv_prog_gnu_ldcxx=no
lt_cv_sharedlib_from_linklib_cmd='printf %s\n'
lt_cv_sys_global_symbol_pipe='sed -n -e '\''s/^.*[	 ]\([BCDEGRST][BCDEGRST]*\)[	 ][	 ]*_\([_A-Za-z][_A-Za-z0-9]*\)$/\1 _\2 \2/p'\'' | sed '\''/ __gnu_lto/d'\'''
lt_cv_sys_global_symbol_to_c_name_address='sed -n -e '\''s/^: \([^ ]*\)[ ]*$/  {\"\1\", (void *) 0},/p'\'' -e '\''s/^[BCDEGRST]* \([^ ]*\) \([^ ]*\)$/  {"\2", (void *) \&\2},/p'\'''
lt_cv_sys_global_symbol_to_c_name_address_lib_prefix='sed -n -e '\''s/^: \([^ ]*\)[ ]*$/  {\"\1\", (void *) 0},/p'\'' -e '\''s/^[BCDEGRST]* \([^ ]*\) \(lib[^ ]*\)$/  {"\2", (void *) \&\2},/p'\'' -e '\''s/^[BCDEGRST]* \([^ ]*\) \([^ ]*\)$/  {"lib\2", (void *) \&\2},/p'\'''
lt_cv_sys_global_symbol_to_cdecl='sed -n -e '\''s/^T .* \(.*\)$/extern int \1();/p'\'' -e '\''s/^[BCDEGRST]* .* \(.*\)$/extern char \1;/p'\'''
lt_cv_sys_max_cmd_len=196608
lt_cv_to_host_file_cmd=func_convert_file_noop
lt_cv_to_tool_file_cmd=func_convert_file_noop

## ----------------- ##
## Output variables. ##
## ----------------- ##

ACLOCAL='${SHELL} "/Users/giuseppemendola/Desktop/Courses/Semester_7/Atelier 5/Compilers/ProjectPartfunf/runtime/bdwgc/missing" aclocal-1.14'
AMDEPBACKSLASH='\'
AMDEP_FALSE='#'
AMDEP_TRUE=''
AMTAR='$${TAR-tar}'
AM_BACKSLASH='\'
AM_CFLAGS=''
AM_CPPFLAGS=''
AM_DEFAULT_V='$(AM_DEFAULT_VERBOSITY)'
AM_DEFAULT_VERBOSITY='1'
AM_V='$(V)'
AR='ar'
ATOMIC_OPS_CFLAGS='-I$(top_builddir)/libatomic_ops/src -I$(top_srcdir)/libatomic_ops/src'
ATOMIC_OPS_LIBS=''
AUTOCONF='${SHELL} "/Users/giuseppemendola/Desktop/Courses/Semester_7/Atelier 5/Compilers/ProjectPartfunf/runtime/bdwgc/missing" autoconf'
AUTOHEADER='${SHELL} "/Users/giuseppemendola/Desktop/Courses/Semester_7/Atelier 5/Compilers/ProjectPartfunf/runtime/bdwgc/missing" autoheader'
AUTOMAKE='${SHELL} "/Users/giuseppemendola/Desktop/Courses/Semester_7/Atelier 5/Compilers/ProjectPartfunf/runtime/bdwgc/missing" automake-1.14'
AVOID_CPP_LIB_FALSE=''
AVOID_CPP_LIB_TRUE='#'
AWK='awk'
CC='gcc'
CCAS='gcc'
CCASDEPMODE='depmode=gcc3'
CCASFLAGS='-g -O2'
CCDEPMODE='depmode=gcc3'
CFLAGS='-Wall -Wextra -g -O2 -fno-strict-aliasing'
COMPILER_XLC_FALSE=''
COMPILER_XLC_TRUE='#'
CPLUSPLUS_FALSE=''
CPLUSPLUS_TRUE='#'
CPP='gcc -E'
CPPFLAGS=''
CXX='g++'
CXXCPP='g++ -E'
CXXDEPMODE='depmode=gcc3'
CXXFLAGS='-g -O2'
CXXLIBS=''
CYGPATH_W='echo'
DARWIN_THREADS_FALSE='#'
DARWIN_THREADS_TRUE=''
DEFS='-DHAVE_CONFIG_H'
DEPDIR='.deps'
DLLTOOL='false'
DSYMUTIL='dsymutil'
DUMPBIN=''
ECHO_C='\c'
ECHO_N=''
ECHO_T=''
EGREP='/usr/bin/grep -E'
ENABLE_DISCLAIM_FALSE='#'
ENABLE_DISCLAIM_TRUE=''
EXEEXT=''
EXTRA_TEST_LIBS=''
FGREP='/usr/bin/grep -F'
GC_CFLAGS=' -fexceptions'
GC_VERSION=''
GREP='/usr/bin/grep'
INSTALL_DATA='${INSTALL} -m 644'
INSTALL_PROGRAM='${INSTALL}'
INSTALL_SCRIPT='${INSTALL}'
INSTALL_STRIP_PROGRAM='$(install_sh) -c -s'
KEEP_BACK_PTRS_FALSE=''
KEEP_BACK_PTRS_TRUE='#'
LD='/usr/llvm-gcc-4.2/libexec/gcc/i686-apple-darwin11/4.2.1/ld'
LDFLAGS=''
LIBOBJS=''
LIBS=''
LIBTOOL='$(SHELL) $(top_builddir)/libtool'
LIPO='lipo'
LN_S='ln -s'
LTLIBOBJS=''
MAINT='#'
MAINTAINER_MODE_FALSE=''
MAINTAINER_MODE_TRUE='#'
MAKEINFO='${SHELL} "/Users/giuseppemendola/Desktop/Courses/Semester_7/Atelier 5/Compilers/ProjectPartfunf/runtime/bdwgc/missing" makeinfo'
MAKE_BACK_GRAPH_FALSE=''
MAKE_BACK_GRAPH_TRUE='#'
MANIFEST_TOOL=':'
MKDIR_P='./install-sh -c -d'
NEED_ATOMIC_OPS_ASM_FALSE=''
NEED_ATOMIC_OPS_ASM_TRUE='#'
NM='/usr/bin/nm'
NMEDIT='nmedit'
OBJDUMP='false'
OBJEXT='o'
OTOOL64=':'
OTOOL='otool'
PACKAGE='gc'
PACKAGE_BUGREPORT='gc@linux.hpl.hp.com'
PACKAGE_NAME='gc'
PACKAGE_STRING='gc 7.5.0'
PACKAGE_TARNAME='gc'
PACKAGE_URL=''
PACKAGE_VERSION='7.5.0'
PATH_SEPARATOR=':'
PKG_CONFIG='/opt/local/bin/pkg-config'
PKG_CONFIG_LIBDIR=''
PKG_CONFIG_PATH=''
PTHREADS_FALSE='#'
PTHREADS_TRUE=''
RANLIB='ranlib'
SED='/usr/bin/sed'
SET_MAKE=''
SHELL='/bin/sh'
SINGLE_GC_OBJ_FALSE=''
SINGLE_GC_OBJ_TRUE='#'
STRIP='strip'
THREADDLLIBS='-lpthread'
THREADS_FALSE='#'
THREADS_TRUE=''
UNWINDLIBS=''
USE_INTERNAL_LIBATOMIC_OPS_FALSE='#'
USE_INTERNAL_LIBATOMIC_OPS_TRUE=''
USE_LIBDIR_FALSE='#'
USE_LIBDIR_TRUE=''
VERSION='7.5.0'
WIN32_THREADS_FALSE=''
WIN32_THREADS_TRUE='#'
ac_ct_AR='ar'
ac_ct_CC='gcc'
ac_ct_CXX='g++'
ac_ct_DUMPBIN=''
addlibs=''
addobjs=' '
am__EXEEXT_FALSE=''
am__EXEEXT_TRUE='#'
am__fastdepCCAS_FALSE='#'
am__fastdepCCAS_TRUE=''
am__fastdepCC_FALSE='#'
am__fastdepCC_TRUE=''
am__fastdepCXX_FALSE='#'
am__fastdepCXX_TRUE=''
am__include='include'
am__isrc=''
am__leading_dot='.'
am__nodep='_no'
am__quote=''
am__tar='$${TAR-tar} chof - "$$tardir"'
am__untar='$${TAR-tar} xf -'
bindir='${exec_prefix}/bin'
build='x86_64-apple-darwin12.5.0'
build_alias=''
build_cpu='x86_64'
build_os='darwin12.5.0'
build_vendor='apple'
datadir='${datarootdir}'
datarootdir='${prefix}/share'
docdir='${datarootdir}/doc/${PACKAGE_TARNAME}'
dvidir='${docdir}'
exec_prefix='${prefix}'
extra_ldflags_libgc='-Wl,-single_module'
host='x86_64-apple-darwin12.5.0'
host_alias=''
host_cpu='x86_64'
host_os='darwin12.5.0'
host_vendor='apple'
htmldir='${docdir}'
includedir='${prefix}/include'
infodir='${datarootdir}/info'
install_sh='${SHELL} '\''/Users/giuseppemendola/Desktop/Courses/Semester_7/Atelier 5/Compilers/ProjectPartfunf/runtime/bdwgc/install-sh'\'''
libdir='${exec_prefix}/lib'
libexecdir='${exec_prefix}/libexec'
localedir='${datarootdir}/locale'
localstatedir='${prefix}/var'
mandir='${datarootdir}/man'
mkdir_p='$(MKDIR_P)'
oldincludedir='/usr/include'
pdfdir='${docdir}'
prefix='/usr/local'
program_transform_name='s,x,x,'
psdir='${docdir}'
sbindir='${exec_prefix}/sbin'
sharedstatedir='${prefix}/com'
subdirs=' libatomic_ops'
sysconfdir='${prefix}/etc'
target='x86_64-apple-darwin12.5.0'
target_alias=''
target_all='libgc.la'
target_cpu='x86_64'
target_os='darwin12.5.0'
target_vendor='apple'

## ----------- ##
## confdefs.h. ##
## ----------- ##

/* confdefs.h */
#define PACKAGE_NAME "gc"
#define PACKAGE_TARNAME "gc"
#define PACKAGE_VERSION "7.5.0"
#define PACKAGE_STRING "gc 7.5.0"
#define PACKAGE_BUGREPORT "gc@linux.hpl.hp.com"
#define PACKAGE_URL ""
#define GC_VERSION_MAJOR 7
#define GC_VERSION_MINOR 5
#define GC_VERSION_MICRO 0
#define PACKAGE "gc"
#define VERSION "7.5.0"
#define STDC_HEADERS 1
#define HAVE_SYS_TYPES_H 1
#define HAVE_SYS_STAT_H 1
#define HAVE_STDLIB_H 1
#define HAVE_STRING_H 1
#define HAVE_MEMORY_H 1
#define HAVE_STRINGS_H 1
#define HAVE_INTTYPES_H 1
#define HAVE_STDINT_H 1
#define HAVE_UNISTD_H 1
#define HAVE_DLFCN_H 1
#define LT_OBJDIR ".libs/"
#define GC_DARWIN_THREADS 1
#define PARALLEL_MARK 1
#define THREAD_LOCAL_ALLOC 1
#define NO_EXECUTE_PERMISSION 1
#define ALL_INTERIOR_POINTERS 1
#define GC_GCJ_SUPPORT 1
#define HAVE_DLADDR 1
#define JAVA_FINALIZATION 1
#define ATOMIC_UNCOLLECTABLE 1
#define ENABLE_DISCLAIM 1

configure: exit 0
