This file contains any messages produced by compilers while
running configure, to aid debugging if configure makes a mistake.

It was created by libatomic_ops configure 7.3alpha3, which was
generated by GNU Autoconf 2.69.  Invocation command line was

  $ ./configure --prefix=/Users/giuseppemendola/Desktop/ht/bdwgc/libatomic_ops-install

## --------- ##
## Platform. ##
## --------- ##

hostname = Giuseppes-MacBook-Pro.local
uname -m = x86_64
uname -r = 12.5.0
uname -s = Darwin
uname -v = Darwin Kernel Version 12.5.0: Sun Sep 29 13:33:47 PDT 2013; root:xnu-2050.48.12~1/RELEASE_X86_64

/usr/bin/uname -p = i386
/bin/uname -X     = unknown

/bin/arch              = unknown
/usr/bin/arch -k       = unknown
/usr/convex/getsysinfo = unknown
/usr/bin/hostinfo      = Mach kernel version:
	 Darwin Kernel Version 12.5.0: Sun Sep 29 13:33:47 PDT 2013; root:xnu-2050.48.12~1/RELEASE_X86_64
Kernel configured for up to 4 processors.
2 processors are physically available.
4 processors are logically available.
Processor type: i486 (Intel 80486)
Processors active: 0 1 2 3
Primary memory available: 4.00 gigabytes
Default processor set: 134 tasks, 785 threads, 4 processors
Load average: 0.35, Mach factor: 3.63
/bin/machine           = unknown
/usr/bin/oslevel       = unknown
/bin/universe          = unknown

PATH: /opt/local/bin
PATH: /opt/local/sbin
PATH: /usr/bin
PATH: /bin
PATH: /usr/sbin
PATH: /sbin
PATH: /usr/local/bin
PATH: /usr/texbin


## ----------- ##
## Core tests. ##
## ----------- ##

configure:2182: checking build system type
configure:2196: result: x86_64-apple-darwin12.5.0
configure:2216: checking host system type
configure:2229: result: x86_64-apple-darwin12.5.0
configure:2249: checking target system type
configure:2262: result: x86_64-apple-darwin12.5.0
configure:2306: checking for a BSD-compatible install
configure:2374: result: /usr/bin/install -c
configure:2385: checking whether build environment is sane
configure:2440: result: yes
configure:2591: checking for a thread-safe mkdir -p
configure:2630: result: ./install-sh -c -d
configure:2637: checking for gawk
configure:2667: result: no
configure:2637: checking for mawk
configure:2667: result: no
configure:2637: checking for nawk
configure:2667: result: no
configure:2637: checking for awk
configure:2653: found /usr/bin/awk
configure:2664: result: awk
configure:2675: checking whether make sets $(MAKE)
configure:2697: result: yes
configure:2726: checking whether make supports nested variables
configure:2743: result: yes
configure:2869: checking whether to enable maintainer-specific portions of Makefiles
configure:2878: result: no
configure:2908: checking for style of include used by make
configure:2936: result: GNU
configure:3007: checking for gcc
configure:3034: result: cc
configure:3263: checking for C compiler version
configure:3272: cc --version >&5
Apple LLVM version 4.2 (clang-425.0.28) (based on LLVM 3.2svn)
Target: x86_64-apple-darwin12.5.0
Thread model: posix
configure:3283: $? = 0
configure:3272: cc -v >&5
Apple LLVM version 4.2 (clang-425.0.28) (based on LLVM 3.2svn)
Target: x86_64-apple-darwin12.5.0
Thread model: posix
configure:3283: $? = 0
configure:3272: cc -V >&5
clang: error: argument to '-V' is missing (expected 1 value)
clang: error: no input files
configure:3283: $? = 1
configure:3272: cc -qversion >&5
clang: error: no input files
configure:3283: $? = 1
configure:3303: checking whether the C compiler works
configure:3325: cc    conftest.c  >&5
configure:3329: $? = 0
configure:3377: result: yes
configure:3380: checking for C compiler default output file name
configure:3382: result: a.out
configure:3388: checking for suffix of executables
configure:3395: cc -o conftest    conftest.c  >&5
configure:3399: $? = 0
configure:3421: result: 
configure:3443: checking whether we are cross compiling
configure:3451: cc -o conftest    conftest.c  >&5
configure:3455: $? = 0
configure:3462: ./conftest
configure:3466: $? = 0
configure:3481: result: no
configure:3486: checking for suffix of object files
configure:3508: cc -c   conftest.c >&5
configure:3512: $? = 0
configure:3533: result: o
configure:3537: checking whether we are using the GNU C compiler
configure:3556: cc -c   conftest.c >&5
configure:3556: $? = 0
configure:3565: result: yes
configure:3574: checking whether cc accepts -g
configure:3594: cc -c -g  conftest.c >&5
configure:3594: $? = 0
configure:3635: result: yes
configure:3652: checking for cc option to accept ISO C89
configure:3715: cc  -c -g -O2  conftest.c >&5
configure:3715: $? = 0
configure:3728: result: none needed
configure:3753: checking whether cc understands -c and -o together
configure:3775: cc -c conftest.c -o conftest2.o
configure:3778: $? = 0
configure:3775: cc -c conftest.c -o conftest2.o
configure:3778: $? = 0
configure:3790: result: yes
configure:3809: checking dependency style of cc
configure:3920: result: gcc3
configure:3945: checking dependency style of cc
configure:4054: result: gcc3
configure:4115: checking how to print strings
configure:4142: result: printf
configure:4163: checking for a sed that does not truncate output
configure:4227: result: /usr/bin/sed
configure:4245: checking for grep that handles long lines and -e
configure:4303: result: /usr/bin/grep
configure:4308: checking for egrep
configure:4370: result: /usr/bin/grep -E
configure:4375: checking for fgrep
configure:4437: result: /usr/bin/grep -F
configure:4472: checking for ld used by cc
configure:4539: result: /usr/bin/ld
configure:4546: checking if the linker (/usr/bin/ld) is GNU ld
configure:4561: result: no
configure:4573: checking for BSD- or MS-compatible name lister (nm)
configure:4622: result: /usr/bin/nm
configure:4752: checking the name lister (/usr/bin/nm) interface
configure:4759: cc -c -g -O2  conftest.c >&5
configure:4762: /usr/bin/nm "conftest.o"
configure:4765: output
000000000000021c S _some_variable
configure:4772: result: BSD nm
configure:4775: checking whether ln -s works
configure:4779: result: yes
configure:4787: checking the maximum length of command line arguments
configure:4917: result: 196608
configure:4934: checking whether the shell understands some XSI constructs
configure:4944: result: yes
configure:4948: checking whether the shell understands "+="
configure:4954: result: yes
configure:4989: checking how to convert x86_64-apple-darwin12.5.0 file names to x86_64-apple-darwin12.5.0 format
configure:5029: result: func_convert_file_noop
configure:5036: checking how to convert x86_64-apple-darwin12.5.0 file names to toolchain format
configure:5056: result: func_convert_file_noop
configure:5063: checking for /usr/bin/ld option to reload object files
configure:5070: result: -r
configure:5144: checking for objdump
configure:5174: result: no
configure:5203: checking how to recognize dependent libraries
configure:5405: result: pass_all
configure:5490: checking for dlltool
configure:5520: result: no
configure:5550: checking how to associate runtime and link libraries
configure:5577: result: printf %s\n
configure:5638: checking for ar
configure:5654: found /usr/bin/ar
configure:5665: result: ar
configure:5702: checking for archiver @FILE support
configure:5719: cc -c -g -O2  conftest.c >&5
configure:5719: $? = 0
configure:5722: ar cru libconftest.a @conftest.lst >&5
ar: @conftest.lst: No such file or directory
configure:5725: $? = 1
configure:5745: result: no
configure:5803: checking for strip
configure:5819: found /usr/bin/strip
configure:5830: result: strip
configure:5902: checking for ranlib
configure:5918: found /usr/bin/ranlib
configure:5929: result: ranlib
configure:6031: checking command to parse /usr/bin/nm output from cc object
configure:6151: cc -c -g -O2  conftest.c >&5
configure:6154: $? = 0
configure:6158: /usr/bin/nm conftest.o \| sed -n -e 's/^.*[ ]\([BCDEGRST][BCDEGRST]*\)[ ][ ]*\([_A-Za-z][_A-Za-z0-9]*\)$/\1 \2 \2/p' | sed '/ __gnu_lto/d' \> conftest.nm
configure:6161: $? = 0
cannot find nm_test_var in conftest.nm
configure:6151: cc -c -g -O2  conftest.c >&5
configure:6154: $? = 0
configure:6158: /usr/bin/nm conftest.o \| sed -n -e 's/^.*[ ]\([BCDEGRST][BCDEGRST]*\)[ ][ ]*_\([_A-Za-z][_A-Za-z0-9]*\)$/\1 _\2 \2/p' | sed '/ __gnu_lto/d' \> conftest.nm
configure:6161: $? = 0
configure:6227: cc -o conftest -g -O2   conftest.c conftstm.o >&5
configure:6230: $? = 0
configure:6268: result: ok
configure:6305: checking for sysroot
configure:6335: result: no
configure:6591: checking for mt
configure:6621: result: no
configure:6641: checking if : is a manifest tool
configure:6647: : '-?'
configure:6655: result: no
configure:6711: checking for dsymutil
configure:6727: found /usr/bin/dsymutil
configure:6738: result: dsymutil
configure:6803: checking for nmedit
configure:6819: found /usr/bin/nmedit
configure:6830: result: nmedit
configure:6895: checking for lipo
configure:6911: found /usr/bin/lipo
configure:6922: result: lipo
configure:6987: checking for otool
configure:7003: found /usr/bin/otool
configure:7014: result: otool
configure:7079: checking for otool64
configure:7109: result: no
configure:7154: checking for -single_module linker flag
cc -g -O2  -o libconftest.dylib -dynamiclib -Wl,-single_module conftest.c
configure:7187: result: yes
configure:7190: checking for -exported_symbols_list linker flag
configure:7210: cc -o conftest -g -O2   -Wl,-exported_symbols_list,conftest.sym conftest.c  >&5
configure:7210: $? = 0
configure:7220: result: yes
configure:7223: checking for -force_load linker flag
cc -g -O2 -c -o conftest.o conftest.c
ar cru libconftest.a conftest.o
ranlib libconftest.a
cc -g -O2  -o conftest conftest.c -Wl,-force_load,./libconftest.a
configure:7255: result: yes
configure:7297: checking how to run the C preprocessor
configure:7328: cc -E  conftest.c
configure:7328: $? = 0
configure:7342: cc -E  conftest.c
conftest.c:11:10: fatal error: 'ac_nonexistent.h' file not found
#include <ac_nonexistent.h>
         ^
1 error generated.
configure:7342: $? = 1
configure: failed program was:
| /* confdefs.h */
| #define PACKAGE_NAME "libatomic_ops"
| #define PACKAGE_TARNAME "libatomic_ops"
| #define PACKAGE_VERSION "7.3alpha3"
| #define PACKAGE_STRING "libatomic_ops 7.3alpha3"
| #define PACKAGE_BUGREPORT "gc@linux.hpl.hp.com"
| #define PACKAGE_URL ""
| #define PACKAGE "libatomic_ops"
| #define VERSION "7.3alpha3"
| /* end confdefs.h.  */
| #include <ac_nonexistent.h>
configure:7367: result: cc -E
configure:7387: cc -E  conftest.c
configure:7387: $? = 0
configure:7401: cc -E  conftest.c
conftest.c:11:10: fatal error: 'ac_nonexistent.h' file not found
#include <ac_nonexistent.h>
         ^
1 error generated.
configure:7401: $? = 1
configure: failed program was:
| /* confdefs.h */
| #define PACKAGE_NAME "libatomic_ops"
| #define PACKAGE_TARNAME "libatomic_ops"
| #define PACKAGE_VERSION "7.3alpha3"
| #define PACKAGE_STRING "libatomic_ops 7.3alpha3"
| #define PACKAGE_BUGREPORT "gc@linux.hpl.hp.com"
| #define PACKAGE_URL ""
| #define PACKAGE "libatomic_ops"
| #define VERSION "7.3alpha3"
| /* end confdefs.h.  */
| #include <ac_nonexistent.h>
configure:7430: checking for ANSI C header files
configure:7450: cc -c -g -O2  conftest.c >&5
configure:7450: $? = 0
configure:7523: cc -o conftest -g -O2   conftest.c  >&5
configure:7523: $? = 0
configure:7523: ./conftest
configure:7523: $? = 0
configure:7534: result: yes
configure:7547: checking for sys/types.h
configure:7547: cc -c -g -O2  conftest.c >&5
configure:7547: $? = 0
configure:7547: result: yes
configure:7547: checking for sys/stat.h
configure:7547: cc -c -g -O2  conftest.c >&5
configure:7547: $? = 0
configure:7547: result: yes
configure:7547: checking for stdlib.h
configure:7547: cc -c -g -O2  conftest.c >&5
configure:7547: $? = 0
configure:7547: result: yes
configure:7547: checking for string.h
configure:7547: cc -c -g -O2  conftest.c >&5
configure:7547: $? = 0
configure:7547: result: yes
configure:7547: checking for memory.h
configure:7547: cc -c -g -O2  conftest.c >&5
configure:7547: $? = 0
configure:7547: result: yes
configure:7547: checking for strings.h
configure:7547: cc -c -g -O2  conftest.c >&5
configure:7547: $? = 0
configure:7547: result: yes
configure:7547: checking for inttypes.h
configure:7547: cc -c -g -O2  conftest.c >&5
configure:7547: $? = 0
configure:7547: result: yes
configure:7547: checking for stdint.h
configure:7547: cc -c -g -O2  conftest.c >&5
configure:7547: $? = 0
configure:7547: result: yes
configure:7547: checking for unistd.h
configure:7547: cc -c -g -O2  conftest.c >&5
configure:7547: $? = 0
configure:7547: result: yes
configure:7561: checking for dlfcn.h
configure:7561: cc -c -g -O2  conftest.c >&5
configure:7561: $? = 0
configure:7561: result: yes
configure:7766: checking for objdir
configure:7781: result: .libs
configure:8052: checking if cc supports -fno-rtti -fno-exceptions
configure:8070: cc -c -g -O2  -fno-rtti -fno-exceptions conftest.c >&5
configure:8074: $? = 0
configure:8087: result: yes
configure:8414: checking for cc option to produce PIC
configure:8421: result: -fno-common -DPIC
configure:8429: checking if cc PIC flag -fno-common -DPIC works
configure:8447: cc -c -g -O2  -fno-common -DPIC -DPIC conftest.c >&5
configure:8451: $? = 0
configure:8464: result: yes
configure:8493: checking if cc static flag -static works
configure:8521: result: no
configure:8536: checking if cc supports -c -o file.o
configure:8557: cc -c -g -O2  -o out/conftest2.o conftest.c >&5
configure:8561: $? = 0
configure:8583: result: yes
configure:8591: checking if cc supports -c -o file.o
configure:8638: result: yes
configure:8671: checking whether the cc linker (/usr/bin/ld) supports shared libraries
configure:9824: result: yes
configure:10064: checking dynamic linker characteristics
configure:10797: result: darwin12.5.0 dyld
configure:10904: checking how to hardcode library paths into programs
configure:10929: result: immediate
configure:11469: checking whether stripping libraries is possible
configure:11483: result: yes
configure:11509: checking if libtool supports shared libraries
configure:11511: result: yes
configure:11514: checking whether to build shared libraries
configure:11535: result: no
configure:11538: checking whether to build static libraries
configure:11542: result: yes
configure:11587: checking for stdlib.h
configure:11587: result: yes
configure:11587: checking for unistd.h
configure:11587: result: yes
configure:11587: checking for sys/param.h
configure:11587: cc -c -g -O2  conftest.c >&5
configure:11587: $? = 0
configure:11587: result: yes
configure:11607: checking for getpagesize
configure:11607: cc -o conftest -g -O2   conftest.c  >&5
configure:11607: $? = 0
configure:11607: result: yes
configure:11616: checking for working mmap
configure:11763: cc -o conftest -g -O2   conftest.c  >&5
configure:11763: $? = 0
configure:11763: ./conftest
configure:11763: $? = 0
configure:11773: result: yes
configure:11786: checking for PIC compiler flag
configure:11796: result: -fPIC
configure:11799: checking whether gcc -fPIC causes __PIC__ definition
configure:11819: cc -c -fPIC -g -O2  conftest.c >&5
configure:11819: $? = 0
configure:11826: result: yes
configure:11837: checking for gcc -Wextra
configure:11852: cc -c -Wextra -g -O2  conftest.c >&5
configure:11852: $? = 0
configure:11859: result: yes
configure:11939: checking for pthread_self in -lpthread
configure:11964: cc -o conftest -Wall -Wextra -g -O2   conftest.c -lpthread   >&5
configure:11964: $? = 0
configure:11973: result: yes
configure:12142: checking that generated files are newer than configure
configure:12148: result: done
configure:12187: creating ./config.status

## ---------------------- ##
## Running config.status. ##
## ---------------------- ##

This file was extended by libatomic_ops config.status 7.3alpha3, which was
generated by GNU Autoconf 2.69.  Invocation command line was

  CONFIG_FILES    = 
  CONFIG_HEADERS  = 
  CONFIG_LINKS    = 
  CONFIG_COMMANDS = 
  $ ./config.status 

on Giuseppes-MacBook-Pro.local

config.status:1113: creating Makefile
config.status:1113: creating doc/Makefile
config.status:1113: creating src/Makefile
config.status:1113: creating tests/Makefile
config.status:1113: creating pkgconfig/atomic_ops.pc
config.status:1113: creating pkgconfig/atomic_ops-uninstalled.pc
config.status:1113: creating src/config.h
config.status:1294: src/config.h is unchanged
config.status:1342: executing depfiles commands
config.status:1342: executing libtool commands
config.status:1342: executing default commands

## ---------------- ##
## Cache variables. ##
## ---------------- ##

ac_cv_build=x86_64-apple-darwin12.5.0
ac_cv_c_compiler_gnu=yes
ac_cv_cc_wextra=yes
ac_cv_env_CCASFLAGS_set=
ac_cv_env_CCASFLAGS_value=
ac_cv_env_CCAS_set=
ac_cv_env_CCAS_value=
ac_cv_env_CC_set=set
ac_cv_env_CC_value=cc
ac_cv_env_CFLAGS_set=
ac_cv_env_CFLAGS_value=
ac_cv_env_CPPFLAGS_set=
ac_cv_env_CPPFLAGS_value=
ac_cv_env_CPP_set=
ac_cv_env_CPP_value=
ac_cv_env_LDFLAGS_set=
ac_cv_env_LDFLAGS_value=
ac_cv_env_LIBS_set=
ac_cv_env_LIBS_value=
ac_cv_env_build_alias_set=
ac_cv_env_build_alias_value=
ac_cv_env_host_alias_set=
ac_cv_env_host_alias_value=
ac_cv_env_target_alias_set=
ac_cv_env_target_alias_value=
ac_cv_func_getpagesize=yes
ac_cv_func_mmap_fixed_mapped=yes
ac_cv_header_dlfcn_h=yes
ac_cv_header_inttypes_h=yes
ac_cv_header_memory_h=yes
ac_cv_header_stdc=yes
ac_cv_header_stdint_h=yes
ac_cv_header_stdlib_h=yes
ac_cv_header_string_h=yes
ac_cv_header_strings_h=yes
ac_cv_header_sys_param_h=yes
ac_cv_header_sys_stat_h=yes
ac_cv_header_sys_types_h=yes
ac_cv_header_unistd_h=yes
ac_cv_host=x86_64-apple-darwin12.5.0
ac_cv_lib_pthread_pthread_self=yes
ac_cv_objext=o
ac_cv_path_EGREP='/usr/bin/grep -E'
ac_cv_path_FGREP='/usr/bin/grep -F'
ac_cv_path_GREP=/usr/bin/grep
ac_cv_path_SED=/usr/bin/sed
ac_cv_path_install='/usr/bin/install -c'
ac_cv_pic_macro=yes
ac_cv_prog_AWK=awk
ac_cv_prog_CPP='cc -E'
ac_cv_prog_ac_ct_AR=ar
ac_cv_prog_ac_ct_CC=cc
ac_cv_prog_ac_ct_DSYMUTIL=dsymutil
ac_cv_prog_ac_ct_LIPO=lipo
ac_cv_prog_ac_ct_NMEDIT=nmedit
ac_cv_prog_ac_ct_OTOOL=otool
ac_cv_prog_ac_ct_RANLIB=ranlib
ac_cv_prog_ac_ct_STRIP=strip
ac_cv_prog_cc_c89=
ac_cv_prog_cc_g=yes
ac_cv_prog_make_make_set=yes
ac_cv_target=x86_64-apple-darwin12.5.0
am_cv_CCAS_dependencies_compiler_type=gcc3
am_cv_CC_dependencies_compiler_type=gcc3
am_cv_make_support_nested_variables=yes
am_cv_prog_cc_c_o=yes
lt_cv_apple_cc_single_mod=yes
lt_cv_ar_at_file=no
lt_cv_deplibs_check_method=pass_all
lt_cv_file_magic_cmd='$MAGIC_CMD'
lt_cv_file_magic_test_file=
lt_cv_ld_exported_symbols_list=yes
lt_cv_ld_force_load=yes
lt_cv_ld_reload_flag=-r
lt_cv_nm_interface='BSD nm'
lt_cv_objdir=.libs
lt_cv_path_LD=/usr/bin/ld
lt_cv_path_NM=/usr/bin/nm
lt_cv_path_mainfest_tool=no
lt_cv_prog_compiler_c_o=yes
lt_cv_prog_compiler_pic='-fno-common -DPIC'
lt_cv_prog_compiler_pic_works=yes
lt_cv_prog_compiler_rtti_exceptions=yes
lt_cv_prog_compiler_static_works=no
lt_cv_prog_gnu_ld=no
lt_cv_sharedlib_from_linklib_cmd='printf %s\n'
lt_cv_sys_global_symbol_pipe='sed -n -e '\''s/^.*[	 ]\([BCDEGRST][BCDEGRST]*\)[	 ][	 ]*_\([_A-Za-z][_A-Za-z0-9]*\)$/\1 _\2 \2/p'\'' | sed '\''/ __gnu_lto/d'\'''
lt_cv_sys_global_symbol_to_c_name_address='sed -n -e '\''s/^: \([^ ]*\)[ ]*$/  {\"\1\", (void *) 0},/p'\'' -e '\''s/^[BCDEGRST]* \([^ ]*\) \([^ ]*\)$/  {"\2", (void *) \&\2},/p'\'''
lt_cv_sys_global_symbol_to_c_name_address_lib_prefix='sed -n -e '\''s/^: \([^ ]*\)[ ]*$/  {\"\1\", (void *) 0},/p'\'' -e '\''s/^[BCDEGRST]* \([^ ]*\) \(lib[^ ]*\)$/  {"\2", (void *) \&\2},/p'\'' -e '\''s/^[BCDEGRST]* \([^ ]*\) \([^ ]*\)$/  {"lib\2", (void *) \&\2},/p'\'''
lt_cv_sys_global_symbol_to_cdecl='sed -n -e '\''s/^T .* \(.*\)$/extern int \1();/p'\'' -e '\''s/^[BCDEGRST]* .* \(.*\)$/extern char \1;/p'\'''
lt_cv_sys_max_cmd_len=196608
lt_cv_to_host_file_cmd=func_convert_file_noop
lt_cv_to_tool_file_cmd=func_convert_file_noop

## ----------------- ##
## Output variables. ##
## ----------------- ##

ACLOCAL='${SHELL} /Users/giuseppemendola/Desktop/ht/bdwgc/libatomic_ops/missing aclocal-1.14'
AMDEPBACKSLASH='\'
AMDEP_FALSE='#'
AMDEP_TRUE=''
AMTAR='$${TAR-tar}'
AM_BACKSLASH='\'
AM_DEFAULT_V='$(AM_DEFAULT_VERBOSITY)'
AM_DEFAULT_VERBOSITY='1'
AM_V='$(V)'
AR='ar'
AUTOCONF='${SHELL} /Users/giuseppemendola/Desktop/ht/bdwgc/libatomic_ops/missing autoconf'
AUTOHEADER='${SHELL} /Users/giuseppemendola/Desktop/ht/bdwgc/libatomic_ops/missing autoheader'
AUTOMAKE='${SHELL} /Users/giuseppemendola/Desktop/ht/bdwgc/libatomic_ops/missing automake-1.14'
AWK='awk'
CC='cc'
CCAS='cc'
CCASDEPMODE='depmode=gcc3'
CCASFLAGS='-g -O2'
CCDEPMODE='depmode=gcc3'
CFLAGS='-Wall -Wextra -g -O2'
CPP='cc -E'
CPPFLAGS=''
CYGPATH_W='echo'
DEFS='-DHAVE_CONFIG_H'
DEPDIR='.deps'
DLLTOOL='false'
DSYMUTIL='dsymutil'
DUMPBIN=''
ECHO_C='\c'
ECHO_N=''
ECHO_T=''
EGREP='/usr/bin/grep -E'
EXEEXT=''
FGREP='/usr/bin/grep -F'
GREP='/usr/bin/grep'
HAVE_PTHREAD_H_FALSE='#'
HAVE_PTHREAD_H_TRUE=''
INSTALL_DATA='${INSTALL} -m 644'
INSTALL_PROGRAM='${INSTALL}'
INSTALL_SCRIPT='${INSTALL}'
INSTALL_STRIP_PROGRAM='$(install_sh) -c -s'
LD='/usr/bin/ld'
LDFLAGS=''
LIBOBJS=''
LIBS=''
LIBTOOL='$(SHELL) $(top_builddir)/libtool'
LIPO='lipo'
LN_S='ln -s'
LTLIBOBJS=''
MAINT='#'
MAINTAINER_MODE_FALSE=''
MAINTAINER_MODE_TRUE='#'
MAKEINFO='${SHELL} /Users/giuseppemendola/Desktop/ht/bdwgc/libatomic_ops/missing makeinfo'
MANIFEST_TOOL=':'
MKDIR_P='./install-sh -c -d'
NEED_ASM_FALSE=''
NEED_ASM_TRUE='#'
NM='/usr/bin/nm'
NMEDIT='nmedit'
OBJDUMP='false'
OBJEXT='o'
OTOOL64=':'
OTOOL='otool'
PACKAGE='libatomic_ops'
PACKAGE_BUGREPORT='gc@linux.hpl.hp.com'
PACKAGE_NAME='libatomic_ops'
PACKAGE_STRING='libatomic_ops 7.3alpha3'
PACKAGE_TARNAME='libatomic_ops'
PACKAGE_URL=''
PACKAGE_VERSION='7.3alpha3'
PATH_SEPARATOR=':'
PICFLAG='-fPIC'
RANLIB='ranlib'
SED='/usr/bin/sed'
SET_MAKE=''
SHELL='/bin/sh'
STRIP='strip'
THREADDLLIBS=''
VERSION='7.3alpha3'
ac_ct_AR='ar'
ac_ct_CC='cc'
ac_ct_DUMPBIN=''
am__EXEEXT_FALSE=''
am__EXEEXT_TRUE='#'
am__fastdepCCAS_FALSE='#'
am__fastdepCCAS_TRUE=''
am__fastdepCC_FALSE='#'
am__fastdepCC_TRUE=''
am__include='include'
am__isrc=''
am__leading_dot='.'
am__nodep='_no'
am__quote=''
am__tar='$${TAR-tar} chof - "$$tardir"'
am__untar='$${TAR-tar} xf -'
bindir='${exec_prefix}/bin'
build='x86_64-apple-darwin12.5.0'
build_alias=''
build_cpu='x86_64'
build_os='darwin12.5.0'
build_vendor='apple'
datadir='${datarootdir}'
datarootdir='${prefix}/share'
docdir='${datarootdir}/doc/${PACKAGE_TARNAME}'
dvidir='${docdir}'
exec_prefix='${prefix}'
host='x86_64-apple-darwin12.5.0'
host_alias=''
host_cpu='x86_64'
host_os='darwin12.5.0'
host_vendor='apple'
htmldir='${docdir}'
includedir='${prefix}/include'
infodir='${datarootdir}/info'
install_sh='${SHELL} /Users/giuseppemendola/Desktop/ht/bdwgc/libatomic_ops/install-sh'
libdir='${exec_prefix}/lib'
libexecdir='${exec_prefix}/libexec'
localedir='${datarootdir}/locale'
localstatedir='${prefix}/var'
mandir='${datarootdir}/man'
mkdir_p='$(MKDIR_P)'
oldincludedir='/usr/include'
pdfdir='${docdir}'
prefix='/Users/giuseppemendola/Desktop/ht/bdwgc/libatomic_ops-install'
program_transform_name='s,x,x,'
psdir='${docdir}'
sbindir='${exec_prefix}/sbin'
sharedstatedir='${prefix}/com'
sysconfdir='${prefix}/etc'
target='x86_64-apple-darwin12.5.0'
target_alias=''
target_cpu='x86_64'
target_os='darwin12.5.0'
target_vendor='apple'

## ----------- ##
## confdefs.h. ##
## ----------- ##

/* confdefs.h */
#define PACKAGE_NAME "libatomic_ops"
#define PACKAGE_TARNAME "libatomic_ops"
#define PACKAGE_VERSION "7.3alpha3"
#define PACKAGE_STRING "libatomic_ops 7.3alpha3"
#define PACKAGE_BUGREPORT "gc@linux.hpl.hp.com"
#define PACKAGE_URL ""
#define PACKAGE "libatomic_ops"
#define VERSION "7.3alpha3"
#define STDC_HEADERS 1
#define HAVE_SYS_TYPES_H 1
#define HAVE_SYS_STAT_H 1
#define HAVE_STDLIB_H 1
#define HAVE_STRING_H 1
#define HAVE_MEMORY_H 1
#define HAVE_STRINGS_H 1
#define HAVE_INTTYPES_H 1
#define HAVE_STDINT_H 1
#define HAVE_UNISTD_H 1
#define HAVE_DLFCN_H 1
#define LT_OBJDIR ".libs/"
#define HAVE_STDLIB_H 1
#define HAVE_UNISTD_H 1
#define HAVE_SYS_PARAM_H 1
#define HAVE_GETPAGESIZE 1
#define HAVE_MMAP 1
#define NDEBUG 1
#define _REENTRANT 1

configure: exit 0
